[0m19:48:19.886515 [debug] [MainThread]: Sending event: {'category': 'dbt', 'action': 'invocation', 'label': 'start', 'context': [<snowplow_tracker.self_describing_json.SelfDescribingJson object at 0x000001BD5952D950>, <snowplow_tracker.self_describing_json.SelfDescribingJson object at 0x000001BD52F841D0>, <snowplow_tracker.self_describing_json.SelfDescribingJson object at 0x000001BD5A7BE150>]}


============================== 19:48:19.889524 | a849213d-bb55-4d5e-921b-f1ce01c7fe21 ==============================
[0m19:48:19.889524 [info ] [MainThread]: Running with dbt=1.11.7
[0m19:48:19.891664 [debug] [MainThread]: running dbt with arguments {'version_check': 'True', 'no_print': 'None', 'static_parser': 'True', 'target_path': 'None', 'warn_error_options': 'WarnErrorOptionsV2(error=[], warn=[], silence=[])', 'printer_width': '80', 'write_json': 'True', 'introspect': 'True', 'log_cache_events': 'False', 'empty': 'None', 'cache_selected_only': 'False', 'log_format': 'default', 'debug': 'False', 'fail_fast': 'False', 'partial_parse': 'True', 'send_anonymous_usage_stats': 'True', 'quiet': 'False', 'warn_error': 'None', 'profiles_dir': 'C:\\Users\\gabri\\.dbt', 'use_colors': 'True', 'indirect_selection': 'eager', 'invocation_command': 'dbt init imoveis_dbt', 'use_experimental_parser': 'False', 'log_path': 'logs'}
[0m19:48:19.909986 [debug] [MainThread]: Starter project path: C:\Users\gabri\OneDrive\Documents\GitHub\zap_imoveis_scrapper\.venv\Lib\site-packages\dbt\include\starter_project
[0m19:48:19.975556 [info ] [MainThread]: 
Your new dbt project "imoveis_dbt" was created!

For more information on how to configure the profiles.yml file,
please consult the dbt documentation here:

  https://docs.getdbt.com/docs/configure-your-profile

One more thing:

Need help? Don't hesitate to reach out to us via GitHub issues or on Slack:

  https://community.getdbt.com/

Happy modeling!

[0m19:48:19.976553 [info ] [MainThread]: Setting up your profile.
[0m19:50:34.201813 [info ] [MainThread]: Profile imoveis_dbt written to C:\Users\gabri\.dbt\profiles.yml using target's profile_template.yml and your supplied values. Run 'dbt debug' to validate the connection.
[0m19:50:34.202820 [debug] [MainThread]: Command `dbt init` succeeded at 19:50:34.202820 after 134.40 seconds
[0m19:50:34.203818 [debug] [MainThread]: Sending event: {'category': 'dbt', 'action': 'invocation', 'label': 'end', 'context': [<snowplow_tracker.self_describing_json.SelfDescribingJson object at 0x000001BD52C5D150>, <snowplow_tracker.self_describing_json.SelfDescribingJson object at 0x000001BD52BDBE90>, <snowplow_tracker.self_describing_json.SelfDescribingJson object at 0x000001BD5943F2D0>]}
[0m19:50:34.203818 [debug] [MainThread]: Flushing usage events
[0m19:50:35.249971 [debug] [MainThread]: An error was encountered while trying to flush usage events
[0m19:55:15.860653 [debug] [MainThread]: Sending event: {'category': 'dbt', 'action': 'invocation', 'label': 'start', 'context': [<snowplow_tracker.self_describing_json.SelfDescribingJson object at 0x0000021B1670E050>, <snowplow_tracker.self_describing_json.SelfDescribingJson object at 0x0000021B166DD390>, <snowplow_tracker.self_describing_json.SelfDescribingJson object at 0x0000021B166DDB10>]}


============================== 19:55:15.865652 | e8692ed6-81e6-4bd2-8836-fdee84d31c2c ==============================
[0m19:55:15.865652 [info ] [MainThread]: Running with dbt=1.11.7
[0m19:55:15.866654 [debug] [MainThread]: running dbt with arguments {'version_check': 'True', 'no_print': 'None', 'static_parser': 'True', 'target_path': 'None', 'warn_error_options': 'WarnErrorOptionsV2(error=[], warn=[], silence=[])', 'printer_width': '80', 'write_json': 'True', 'empty': 'False', 'log_cache_events': 'False', 'introspect': 'True', 'cache_selected_only': 'False', 'log_format': 'default', 'debug': 'False', 'fail_fast': 'False', 'profiles_dir': 'C:\\Users\\gabri\\.dbt', 'send_anonymous_usage_stats': 'True', 'quiet': 'False', 'warn_error': 'None', 'partial_parse': 'True', 'use_colors': 'True', 'indirect_selection': 'eager', 'invocation_command': 'dbt run', 'use_experimental_parser': 'False', 'log_path': 'logs'}
[0m19:55:15.866654 [error] [MainThread]: Encountered an error:
Runtime Error
  No dbt_project.yml found at expected path C:\Users\gabri\OneDrive\Documents\GitHub\zap_imoveis_scrapper\dbt_project.yml
  Verify that each entry within packages.yml (and their transitive dependencies) contains a file named dbt_project.yml
  
[0m19:55:15.868681 [debug] [MainThread]: Command `dbt run` failed at 19:55:15.868159 after 0.08 seconds
[0m19:55:15.868681 [debug] [MainThread]: Sending event: {'category': 'dbt', 'action': 'invocation', 'label': 'end', 'context': [<snowplow_tracker.self_describing_json.SelfDescribingJson object at 0x0000021B1676BF90>, <snowplow_tracker.self_describing_json.SelfDescribingJson object at 0x0000021B1676BA90>, <snowplow_tracker.self_describing_json.SelfDescribingJson object at 0x0000021B15640290>]}
[0m19:55:15.869664 [debug] [MainThread]: Flushing usage events
[0m19:55:16.740471 [debug] [MainThread]: An error was encountered while trying to flush usage events
